ID=1001;
Key=log;
Value=There was an error while loading the Database info:
System.FormatException: Input string was not in a correct format.
  at System.Number.ThrowOverflowOrFormatException (System.Boolean overflow, System.String overflowResourceKey) [0x0001a] in <d636f104d58046fd9b195699bcb1a744>:0 
  at System.Number.ParseInt32 (System.ReadOnlySpan`1[T] value, System.Globalization.NumberStyles styles, System.Globalization.NumberFormatInfo info) [0x00016] in <d636f104d58046fd9b195699bcb1a744>:0 
  at System.Int32.Parse (System.String s) [0x00016] in <d636f104d58046fd9b195699bcb1a744>:0 
  at QuickTools.QData.MiniDB.Load () [0x000c6] in <81f7365dd67642e1ba20120ef2ff160f>:0 ;
Relation=1/15/2024 2:32:39 AM;
ID=1003;
Key=log;
Value=There was an error while loading the Database info:
System.FormatException: Input string was not in a correct format.
  at System.Number.ThrowOverflowOrFormatException (System.Boolean overflow, System.String overflowResourceKey) [0x0001a] in <d636f104d58046fd9b195699bcb1a744>:0 
  at System.Number.ParseInt32 (System.ReadOnlySpan`1[T] value, System.Globalization.NumberStyles styles, System.Globalization.NumberFormatInfo info) [0x00016] in <d636f104d58046fd9b195699bcb1a744>:0 
  at System.Int32.Parse (System.String s) [0x00016] in <d636f104d58046fd9b195699bcb1a744>:0 
  at QuickTools.QData.MiniDB.Load () [0x000c6] in <81f7365dd67642e1ba20120ef2ff160f>:0 ;
Relation=1/15/2024 2:32:39 AM;
ID=1005;
Key=log;
Value=There was an error while loading the Database info:
System.FormatException: Input string was not in a correct format.
  at System.Number.ThrowOverflowOrFormatException (System.Boolean overflow, System.String overflowResourceKey) [0x0001a] in <d636f104d58046fd9b195699bcb1a744>:0 
  at System.Number.ParseInt32 (System.ReadOnlySpan`1[T] value, System.Globalization.NumberStyles styles, System.Globalization.NumberFormatInfo info) [0x00016] in <d636f104d58046fd9b195699bcb1a744>:0 
  at System.Int32.Parse (System.String s) [0x00016] in <d636f104d58046fd9b195699bcb1a744>:0 
  at QuickTools.QData.MiniDB.Load () [0x000c6] in <81f7365dd67642e1ba20120ef2ff160f>:0 ;
Relation=1/15/2024 2:34:21 AM;
ID=1007;
Key=log;
Value=There was an error while loading the Database info:
System.FormatException: Input string was not in a correct format.
  at System.Number.ThrowOverflowOrFormatException (System.Boolean overflow, System.String overflowResourceKey) [0x0001a] in <d636f104d58046fd9b195699bcb1a744>:0 
  at System.Number.ParseInt32 (System.ReadOnlySpan`1[T] value, System.Globalization.NumberStyles styles, System.Globalization.NumberFormatInfo info) [0x00016] in <d636f104d58046fd9b195699bcb1a744>:0 
  at System.Int32.Parse (System.String s) [0x00016] in <d636f104d58046fd9b195699bcb1a744>:0 
  at QuickTools.QData.MiniDB.Load () [0x000c6] in <81f7365dd67642e1ba20120ef2ff160f>:0 ;
Relation=1/15/2024 2:34:21 AM;
ID=1009;
Key=log;
Value=There was an error while loading the Database info:
System.FormatException: Input string was not in a correct format.
  at System.Number.ThrowOverflowOrFormatException (System.Boolean overflow, System.String overflowResourceKey) [0x0001a] in <d636f104d58046fd9b195699bcb1a744>:0 
  at System.Number.ParseInt32 (System.ReadOnlySpan`1[T] value, System.Globalization.NumberStyles styles, System.Globalization.NumberFormatInfo info) [0x00016] in <d636f104d58046fd9b195699bcb1a744>:0 
  at System.Int32.Parse (System.String s) [0x00016] in <d636f104d58046fd9b195699bcb1a744>:0 
  at QuickTools.QData.MiniDB.Load () [0x000c6] in <81f7365dd67642e1ba20120ef2ff160f>:0 ;
Relation=1/15/2024 2:34:32 AM;
